2014-10-22 17:35:22,003 -  [main] INFO  mim.notifier.NotifierDaemon - Initializing NotifierDaemon ...
2014-10-22 17:35:22,269 -  [main] INFO  mim.notifier.NotifierDaemon - NotifierDaemon has started...
2014-10-22 17:35:22,273 -  [main] INFO  mim.notifier.NotifierDaemon - NotifyInActiveDeamon will next execute on: Thu Oct 23 16:00:00 PKT 2014
2014-10-22 17:36:19,543 -  [main] INFO  mim.notifier.NotifierDaemon - Initializing NotifierDaemon ...
2014-10-22 17:36:19,656 -  [main] INFO  mim.notifier.NotifierDaemon - NotifierDaemon has started...
2014-10-22 17:36:19,662 -  [main] INFO  mim.notifier.NotifierDaemon - NotifyInActiveDeamon will next execute on: Thu Oct 23 16:00:00 PKT 2014
2014-10-22 17:36:19,688 -  [DefaultQuartzScheduler_Worker-1] INFO  mim.renewal.task.NotifyInActiveSubscriberTask - Executing NotifyInActiveSubscriberTask... 
2014-10-22 17:36:56,970 -  [main] INFO  mim.notifier.NotifierDaemon - Initializing NotifierDaemon ...
2014-10-22 17:36:57,067 -  [main] INFO  mim.notifier.NotifierDaemon - NotifierDaemon has started...
2014-10-22 17:36:57,072 -  [main] INFO  mim.notifier.NotifierDaemon - NotifyInActiveDeamon will next execute on: Thu Oct 23 16:00:00 PKT 2014
2014-10-22 17:37:01,345 -  [DefaultQuartzScheduler_Worker-1] INFO  mim.renewal.task.NotifyInActiveSubscriberTask - Executing NotifyInActiveSubscriberTask... 
2014-10-22 17:37:21,555 -  [main] INFO  mim.notifier.NotifierDaemon - Initializing NotifierDaemon ...
2014-10-22 17:37:21,649 -  [main] INFO  mim.notifier.NotifierDaemon - NotifierDaemon has started...
2014-10-22 17:37:21,655 -  [main] INFO  mim.notifier.NotifierDaemon - NotifyInActiveDeamon will next execute on: Thu Oct 23 16:00:00 PKT 2014
2014-10-22 17:37:23,217 -  [DefaultQuartzScheduler_Worker-1] INFO  mim.renewal.task.NotifyInActiveSubscriberTask - Executing NotifyInActiveSubscriberTask... 
2014-10-22 17:37:32,197 -  [main] INFO  mim.notifier.NotifierDaemon - Initializing NotifierDaemon ...
2014-10-22 17:37:32,296 -  [main] INFO  mim.notifier.NotifierDaemon - NotifierDaemon has started...
2014-10-22 17:37:32,302 -  [main] INFO  mim.notifier.NotifierDaemon - NotifyInActiveDeamon will next execute on: Thu Oct 23 16:00:00 PKT 2014
2014-10-22 17:37:33,824 -  [DefaultQuartzScheduler_Worker-1] INFO  mim.renewal.task.NotifyInActiveSubscriberTask - Executing NotifyInActiveSubscriberTask... 
2014-10-22 17:38:08,942 -  [main] INFO  mim.notifier.NotifierDaemon - Initializing NotifierDaemon ...
2014-10-22 17:38:09,024 -  [main] INFO  mim.notifier.NotifierDaemon - NotifierDaemon has started...
2014-10-22 17:38:09,029 -  [main] INFO  mim.notifier.NotifierDaemon - NotifyInActiveDeamon will next execute on: Thu Oct 23 16:00:00 PKT 2014
2014-10-22 17:38:09,043 -  [DefaultQuartzScheduler_Worker-1] INFO  mim.renewal.task.NotifyInActiveSubscriberTask - Executing NotifyInActiveSubscriberTask... 
2014-10-22 17:38:19,951 -  [main] INFO  mim.notifier.NotifierDaemon - Initializing NotifierDaemon ...
2014-10-22 17:38:20,057 -  [main] INFO  mim.notifier.NotifierDaemon - NotifierDaemon has started...
2014-10-22 17:38:20,062 -  [main] INFO  mim.notifier.NotifierDaemon - NotifyInActiveDeamon will next execute on: Thu Oct 23 16:00:00 PKT 2014
2014-10-22 17:38:21,522 -  [DefaultQuartzScheduler_Worker-1] INFO  mim.renewal.task.NotifyInActiveSubscriberTask - Executing NotifyInActiveSubscriberTask... 
2014-10-22 17:39:03,788 -  [main] INFO  mim.notifier.NotifierDaemon - Initializing NotifierDaemon ...
2014-10-22 17:39:03,885 -  [main] INFO  mim.notifier.NotifierDaemon - NotifierDaemon has started...
2014-10-22 17:39:03,889 -  [main] INFO  mim.notifier.NotifierDaemon - NotifyInActiveDeamon will next execute on: Thu Oct 23 16:00:00 PKT 2014
2014-10-22 17:39:42,742 -  [DefaultQuartzScheduler_Worker-1] INFO  mim.renewal.task.NotifyInActiveSubscriberTask - Executing NotifyInActiveSubscriberTask... 
2014-10-22 17:41:10,520 -  [main] INFO  mim.notifier.NotifierDaemon - Initializing NotifierDaemon ...
2014-10-22 17:41:10,613 -  [main] INFO  mim.notifier.NotifierDaemon - NotifierDaemon has started...
2014-10-22 17:41:10,618 -  [main] INFO  mim.notifier.NotifierDaemon - NotifyInActiveDeamon will next execute on: Thu Oct 23 16:00:00 PKT 2014
2014-10-22 17:41:11,523 -  [DefaultQuartzScheduler_Worker-1] INFO  mim.renewal.task.NotifyInActiveSubscriberTask - Executing NotifyInActiveSubscriberTask... 
2014-10-22 17:41:12,155 -  [DefaultQuartzScheduler_Worker-1] INFO  mim.renewal.db.HistoryDatabaseConnection - Initializing HistoryDatabaseConnection
2014-10-22 17:41:55,441 -  [main] INFO  mim.notifier.NotifierDaemon - Initializing NotifierDaemon ...
2014-10-22 17:41:55,536 -  [main] INFO  mim.notifier.NotifierDaemon - NotifierDaemon has started...
2014-10-22 17:41:55,540 -  [main] INFO  mim.notifier.NotifierDaemon - NotifyInActiveDeamon will next execute on: Thu Oct 23 16:00:00 PKT 2014
2014-10-22 17:41:57,812 -  [DefaultQuartzScheduler_Worker-1] INFO  mim.renewal.task.NotifyInActiveSubscriberTask - Executing NotifyInActiveSubscriberTask... 
2014-10-22 17:42:01,715 -  [DefaultQuartzScheduler_Worker-1] INFO  mim.renewal.db.HistoryDatabaseConnection - Initializing HistoryDatabaseConnection
2014-10-22 17:42:25,714 -  [main] INFO  mim.notifier.NotifierDaemon - Initializing NotifierDaemon ...
2014-10-22 17:42:25,813 -  [main] INFO  mim.notifier.NotifierDaemon - NotifierDaemon has started...
2014-10-22 17:42:25,817 -  [main] INFO  mim.notifier.NotifierDaemon - NotifyInActiveDeamon will next execute on: Thu Oct 23 16:00:00 PKT 2014
2014-10-22 17:42:27,056 -  [DefaultQuartzScheduler_Worker-1] INFO  mim.renewal.task.NotifyInActiveSubscriberTask - Executing NotifyInActiveSubscriberTask... 
2014-10-22 17:42:27,873 -  [DefaultQuartzScheduler_Worker-1] INFO  mim.renewal.db.HistoryDatabaseConnection - Initializing HistoryDatabaseConnection
2014-10-22 17:42:48,837 -  [main] INFO  mim.notifier.NotifierDaemon - Initializing NotifierDaemon ...
2014-10-22 17:42:48,936 -  [main] INFO  mim.notifier.NotifierDaemon - NotifierDaemon has started...
2014-10-22 17:42:48,941 -  [main] INFO  mim.notifier.NotifierDaemon - NotifyInActiveDeamon will next execute on: Thu Oct 23 16:00:00 PKT 2014
2014-10-22 17:42:50,358 -  [DefaultQuartzScheduler_Worker-1] INFO  mim.renewal.task.NotifyInActiveSubscriberTask - Executing NotifyInActiveSubscriberTask... 
2014-10-22 17:42:56,061 -  [DefaultQuartzScheduler_Worker-1] INFO  mim.renewal.db.HistoryDatabaseConnection - Initializing HistoryDatabaseConnection
2014-10-22 17:43:37,633 -  [main] INFO  mim.notifier.NotifierDaemon - Initializing NotifierDaemon ...
2014-10-22 17:43:37,726 -  [main] INFO  mim.notifier.NotifierDaemon - NotifierDaemon has started...
2014-10-22 17:43:37,731 -  [main] INFO  mim.notifier.NotifierDaemon - NotifyInActiveDeamon will next execute on: Thu Oct 23 16:00:00 PKT 2014
2014-10-22 17:43:39,159 -  [DefaultQuartzScheduler_Worker-1] INFO  mim.renewal.task.NotifyInActiveSubscriberTask - Executing NotifyInActiveSubscriberTask... 
2014-10-22 17:43:42,086 -  [DefaultQuartzScheduler_Worker-1] INFO  mim.renewal.db.HistoryDatabaseConnection - Initializing HistoryDatabaseConnection
2014-10-22 17:43:56,561 -  [main] INFO  mim.notifier.NotifierDaemon - Initializing NotifierDaemon ...
2014-10-22 17:43:56,663 -  [main] INFO  mim.notifier.NotifierDaemon - NotifierDaemon has started...
2014-10-22 17:43:56,668 -  [main] INFO  mim.notifier.NotifierDaemon - NotifyInActiveDeamon will next execute on: Thu Oct 23 16:00:00 PKT 2014
2014-10-22 17:43:58,147 -  [DefaultQuartzScheduler_Worker-1] INFO  mim.renewal.task.NotifyInActiveSubscriberTask - Executing NotifyInActiveSubscriberTask... 
2014-10-22 17:43:59,195 -  [DefaultQuartzScheduler_Worker-1] INFO  mim.renewal.db.HistoryDatabaseConnection - Initializing HistoryDatabaseConnection
2014-10-22 17:44:12,028 -  [main] INFO  mim.notifier.NotifierDaemon - Initializing NotifierDaemon ...
2014-10-22 17:44:12,174 -  [main] INFO  mim.notifier.NotifierDaemon - NotifierDaemon has started...
2014-10-22 17:44:12,180 -  [main] INFO  mim.notifier.NotifierDaemon - NotifyInActiveDeamon will next execute on: Thu Oct 23 16:00:00 PKT 2014
2014-10-22 17:44:20,666 -  [main] INFO  mim.notifier.NotifierDaemon - Initializing NotifierDaemon ...
2014-10-22 17:44:20,758 -  [main] INFO  mim.notifier.NotifierDaemon - NotifierDaemon has started...
2014-10-22 17:44:20,766 -  [main] INFO  mim.notifier.NotifierDaemon - NotifyInActiveDeamon will next execute on: Thu Oct 23 16:00:00 PKT 2014
2014-10-22 17:44:23,049 -  [DefaultQuartzScheduler_Worker-1] INFO  mim.renewal.task.NotifyInActiveSubscriberTask - Executing NotifyInActiveSubscriberTask... 
2014-10-22 17:44:25,617 -  [DefaultQuartzScheduler_Worker-1] INFO  mim.renewal.db.HistoryDatabaseConnection - Initializing HistoryDatabaseConnection
2014-10-22 17:44:26,182 -  [DefaultQuartzScheduler_Worker-1] ERROR mim.renewal.db.ChargingHistoryDAO - getNotifyCommands failed: Can't find bundle for base name renewal, locale en_US
java.util.MissingResourceException: Can't find bundle for base name renewal, locale en_US
	at java.util.ResourceBundle.throwMissingResourceException(Unknown Source)
	at java.util.ResourceBundle.getBundleImpl(Unknown Source)
	at java.util.ResourceBundle.getBundle(Unknown Source)
	at mim.renewal.db.HistoryDatabaseConnection.readConfig(HistoryDatabaseConnection.java:20)
	at mim.renewal.db.DatabaseConnection.connect(DatabaseConnection.java:43)
	at mim.renewal.db.DatabaseConnection.getConnection(DatabaseConnection.java:26)
	at mim.renewal.db.ChargingHistoryDAO.getNotifyCommands(ChargingHistoryDAO.java:234)
	at mim.renewal.task.NotifyInActiveSubscriberTask.execute(NotifyInActiveSubscriberTask.java:26)
	at org.quartz.core.JobRunShell.run(JobRunShell.java:202)
	at org.quartz.simpl.SimpleThreadPool$WorkerThread.run(SimpleThreadPool.java:573)
2014-10-22 17:45:24,547 -  [main] INFO  mim.notifier.NotifierDaemon - Initializing NotifierDaemon ...
2014-10-22 17:45:24,644 -  [main] INFO  mim.notifier.NotifierDaemon - NotifierDaemon has started...
2014-10-22 17:45:24,648 -  [main] INFO  mim.notifier.NotifierDaemon - NotifyInActiveDeamon will next execute on: Thu Oct 23 16:00:00 PKT 2014
2014-10-22 17:45:25,977 -  [DefaultQuartzScheduler_Worker-1] INFO  mim.renewal.task.NotifyInActiveSubscriberTask - Executing NotifyInActiveSubscriberTask... 
2014-10-22 17:45:28,968 -  [DefaultQuartzScheduler_Worker-1] INFO  mim.renewal.db.HistoryDatabaseConnection - Initializing HistoryDatabaseConnection
2014-10-22 17:45:29,057 -  [DefaultQuartzScheduler_Worker-1] INFO  mim.renewal.db.HistoryDatabaseConnection - DatabaseConnection: Connecting to jdbc:mysql://localhost:33306/mim_history?useServerPrepStmts=false&rewriteBatchedStatements=true&user=root&password=breekom@123
2014-10-22 17:45:30,607 -  [DefaultQuartzScheduler_Worker-1] ERROR mim.renewal.db.HistoryDatabaseConnection - DatabaseConnection: Connection failed: Communications link failure

The last packet sent successfully to the server was 0 milliseconds ago. The driver has not received any packets from the server.
com.mysql.jdbc.exceptions.jdbc4.CommunicationsException: Communications link failure

The last packet sent successfully to the server was 0 milliseconds ago. The driver has not received any packets from the server.
	at sun.reflect.NativeConstructorAccessorImpl.newInstance0(Native Method)
	at sun.reflect.NativeConstructorAccessorImpl.newInstance(Unknown Source)
	at sun.reflect.DelegatingConstructorAccessorImpl.newInstance(Unknown Source)
	at java.lang.reflect.Constructor.newInstance(Unknown Source)
	at com.mysql.jdbc.Util.handleNewInstance(Util.java:408)
	at com.mysql.jdbc.SQLError.createCommunicationsException(SQLError.java:1137)
	at com.mysql.jdbc.MysqlIO.<init>(MysqlIO.java:356)
	at com.mysql.jdbc.ConnectionImpl.coreConnect(ConnectionImpl.java:2504)
	at com.mysql.jdbc.ConnectionImpl.connectOneTryOnly(ConnectionImpl.java:2541)
	at com.mysql.jdbc.ConnectionImpl.createNewIO(ConnectionImpl.java:2323)
	at com.mysql.jdbc.ConnectionImpl.<init>(ConnectionImpl.java:832)
	at com.mysql.jdbc.JDBC4Connection.<init>(JDBC4Connection.java:46)
	at sun.reflect.NativeConstructorAccessorImpl.newInstance0(Native Method)
	at sun.reflect.NativeConstructorAccessorImpl.newInstance(Unknown Source)
	at sun.reflect.DelegatingConstructorAccessorImpl.newInstance(Unknown Source)
	at java.lang.reflect.Constructor.newInstance(Unknown Source)
	at com.mysql.jdbc.Util.handleNewInstance(Util.java:408)
	at com.mysql.jdbc.ConnectionImpl.getInstance(ConnectionImpl.java:417)
	at com.mysql.jdbc.NonRegisteringDriver.connect(NonRegisteringDriver.java:344)
	at java.sql.DriverManager.getConnection(Unknown Source)
	at java.sql.DriverManager.getConnection(Unknown Source)
	at mim.renewal.db.DatabaseConnection.connect(DatabaseConnection.java:52)
	at mim.renewal.db.DatabaseConnection.getConnection(DatabaseConnection.java:26)
	at mim.renewal.db.ChargingHistoryDAO.getNotifyCommands(ChargingHistoryDAO.java:234)
	at mim.renewal.task.NotifyInActiveSubscriberTask.execute(NotifyInActiveSubscriberTask.java:26)
	at org.quartz.core.JobRunShell.run(JobRunShell.java:202)
	at org.quartz.simpl.SimpleThreadPool$WorkerThread.run(SimpleThreadPool.java:573)
Caused by: java.net.ConnectException: Connection refused: connect
	at java.net.DualStackPlainSocketImpl.connect0(Native Method)
	at java.net.DualStackPlainSocketImpl.socketConnect(Unknown Source)
	at java.net.AbstractPlainSocketImpl.doConnect(Unknown Source)
	at java.net.AbstractPlainSocketImpl.connectToAddress(Unknown Source)
	at java.net.AbstractPlainSocketImpl.connect(Unknown Source)
	at java.net.PlainSocketImpl.connect(Unknown Source)
	at java.net.SocksSocketImpl.connect(Unknown Source)
	at java.net.Socket.connect(Unknown Source)
	at java.net.Socket.connect(Unknown Source)
	at java.net.Socket.<init>(Unknown Source)
	at java.net.Socket.<init>(Unknown Source)
	at com.mysql.jdbc.StandardSocketFactory.connect(StandardSocketFactory.java:258)
	at com.mysql.jdbc.MysqlIO.<init>(MysqlIO.java:306)
	... 20 more
2014-10-22 17:45:42,715 -  [main] INFO  mim.notifier.NotifierDaemon - Initializing NotifierDaemon ...
2014-10-22 17:45:42,810 -  [main] INFO  mim.notifier.NotifierDaemon - NotifierDaemon has started...
2014-10-22 17:45:42,816 -  [main] INFO  mim.notifier.NotifierDaemon - NotifyInActiveDeamon will next execute on: Thu Oct 23 16:00:00 PKT 2014
2014-10-22 17:45:44,006 -  [DefaultQuartzScheduler_Worker-1] INFO  mim.renewal.task.NotifyInActiveSubscriberTask - Executing NotifyInActiveSubscriberTask... 
2014-10-22 17:45:48,082 -  [DefaultQuartzScheduler_Worker-1] INFO  mim.renewal.db.HistoryDatabaseConnection - Initializing HistoryDatabaseConnection
2014-10-22 17:45:57,178 -  [DefaultQuartzScheduler_Worker-1] INFO  mim.renewal.db.HistoryDatabaseConnection - DatabaseConnection: Connecting to jdbc:mysql://localhost:33306/mim_history?useServerPrepStmts=false&rewriteBatchedStatements=true&user=root&password=breekom@123
2014-10-22 17:46:00,754 -  [DefaultQuartzScheduler_Worker-1] ERROR mim.renewal.db.HistoryDatabaseConnection - DatabaseConnection: Connection failed: Communications link failure

The last packet sent successfully to the server was 0 milliseconds ago. The driver has not received any packets from the server.
com.mysql.jdbc.exceptions.jdbc4.CommunicationsException: Communications link failure

The last packet sent successfully to the server was 0 milliseconds ago. The driver has not received any packets from the server.
	at sun.reflect.NativeConstructorAccessorImpl.newInstance0(Native Method)
	at sun.reflect.NativeConstructorAccessorImpl.newInstance(Unknown Source)
	at sun.reflect.DelegatingConstructorAccessorImpl.newInstance(Unknown Source)
	at java.lang.reflect.Constructor.newInstance(Unknown Source)
	at com.mysql.jdbc.Util.handleNewInstance(Util.java:408)
	at com.mysql.jdbc.SQLError.createCommunicationsException(SQLError.java:1137)
	at com.mysql.jdbc.MysqlIO.<init>(MysqlIO.java:356)
	at com.mysql.jdbc.ConnectionImpl.coreConnect(ConnectionImpl.java:2504)
	at com.mysql.jdbc.ConnectionImpl.connectOneTryOnly(ConnectionImpl.java:2541)
	at com.mysql.jdbc.ConnectionImpl.createNewIO(ConnectionImpl.java:2323)
	at com.mysql.jdbc.ConnectionImpl.<init>(ConnectionImpl.java:832)
	at com.mysql.jdbc.JDBC4Connection.<init>(JDBC4Connection.java:46)
	at sun.reflect.NativeConstructorAccessorImpl.newInstance0(Native Method)
	at sun.reflect.NativeConstructorAccessorImpl.newInstance(Unknown Source)
	at sun.reflect.DelegatingConstructorAccessorImpl.newInstance(Unknown Source)
	at java.lang.reflect.Constructor.newInstance(Unknown Source)
	at com.mysql.jdbc.Util.handleNewInstance(Util.java:408)
	at com.mysql.jdbc.ConnectionImpl.getInstance(ConnectionImpl.java:417)
	at com.mysql.jdbc.NonRegisteringDriver.connect(NonRegisteringDriver.java:344)
	at java.sql.DriverManager.getConnection(Unknown Source)
	at java.sql.DriverManager.getConnection(Unknown Source)
	at mim.renewal.db.DatabaseConnection.connect(DatabaseConnection.java:52)
	at mim.renewal.db.DatabaseConnection.getConnection(DatabaseConnection.java:26)
	at mim.renewal.db.ChargingHistoryDAO.getNotifyCommands(ChargingHistoryDAO.java:234)
	at mim.renewal.task.NotifyInActiveSubscriberTask.execute(NotifyInActiveSubscriberTask.java:26)
	at org.quartz.core.JobRunShell.run(JobRunShell.java:202)
	at org.quartz.simpl.SimpleThreadPool$WorkerThread.run(SimpleThreadPool.java:573)
Caused by: java.net.ConnectException: Connection refused: connect
	at java.net.DualStackPlainSocketImpl.connect0(Native Method)
	at java.net.DualStackPlainSocketImpl.socketConnect(Unknown Source)
	at java.net.AbstractPlainSocketImpl.doConnect(Unknown Source)
	at java.net.AbstractPlainSocketImpl.connectToAddress(Unknown Source)
	at java.net.AbstractPlainSocketImpl.connect(Unknown Source)
	at java.net.PlainSocketImpl.connect(Unknown Source)
	at java.net.SocksSocketImpl.connect(Unknown Source)
	at java.net.Socket.connect(Unknown Source)
	at java.net.Socket.connect(Unknown Source)
	at java.net.Socket.<init>(Unknown Source)
	at java.net.Socket.<init>(Unknown Source)
	at com.mysql.jdbc.StandardSocketFactory.connect(StandardSocketFactory.java:258)
	at com.mysql.jdbc.MysqlIO.<init>(MysqlIO.java:306)
	... 20 more
2014-10-22 17:46:33,984 -  [main] INFO  mim.notifier.NotifierDaemon - Initializing NotifierDaemon ...
2014-10-22 17:46:34,080 -  [main] INFO  mim.notifier.NotifierDaemon - NotifierDaemon has started...
2014-10-22 17:46:34,086 -  [main] INFO  mim.notifier.NotifierDaemon - NotifyInActiveDeamon will next execute on: Thu Oct 23 16:00:00 PKT 2014
2014-10-22 17:46:35,337 -  [DefaultQuartzScheduler_Worker-1] INFO  mim.renewal.task.NotifyInActiveSubscriberTask - Executing NotifyInActiveSubscriberTask... 
2014-10-22 17:46:37,975 -  [DefaultQuartzScheduler_Worker-1] INFO  mim.renewal.db.HistoryDatabaseConnection - Initializing HistoryDatabaseConnection
2014-10-22 17:46:39,201 -  [DefaultQuartzScheduler_Worker-1] INFO  mim.renewal.db.HistoryDatabaseConnection - DatabaseConnection: Connecting to jdbc:mysql://localhost:3308/mim_history?useServerPrepStmts=false&rewriteBatchedStatements=true&user=root&password=breekom@123
